Build started 2015/5/8 13:47:24.
     1>Project "C:\Users\rui1.wang\Documents\Visual Studio 2012\Projects\WowLink\WowLink\WowLink.vcxproj" on node 2 (Build target(s)).
     1>ClCompile:
         C:\Program Files (x86)\Microsoft Visual Studio 11.0\VC\bin\CL.exe /c /ZI /nologo /W3 /WX- /Od /Oy- /D _MBCS /Gm /EHsc /RTC1 /MDd /GS /fp:precise /Zc:wchar_t /Zc:forScope /Fo"Debug\\" /Fd"Debug\vc110.pdb" /Gd /TP /analyze- /errorReport:prompt GameEngine.cpp WowLink.cpp main.cpp
         WowLink.cpp
     1>c:\users\rui1.wang\documents\visual studio 2012\projects\wowlink\wowlink\wowlink.cpp(135): warning C4244: 'argument' : conversion from 'double' to 'int', possible loss of data
     1>c:\users\rui1.wang\documents\visual studio 2012\projects\wowlink\wowlink\wowlink.cpp(139): warning C4244: 'argument' : conversion from 'double' to 'int', possible loss of data
     1>c:\users\rui1.wang\documents\visual studio 2012\projects\wowlink\wowlink\wowlink.cpp(144): warning C4244: 'argument' : conversion from 'double' to 'int', possible loss of data
     1>c:\users\rui1.wang\documents\visual studio 2012\projects\wowlink\wowlink\wowlink.cpp(147): warning C4244: 'argument' : conversion from 'double' to 'int', possible loss of data
         GameEngine.cpp
         Generating Code...
         Compiling...
         main.cpp
         Generating Code...
       Link:
         C:\Program Files (x86)\Microsoft Visual Studio 11.0\VC\bin\link.exe /ERRORREPORT:PROMPT /OUT:"C:\Users\rui1.wang\Documents\Visual Studio 2012\Projects\WowLink\Debug\WowLink.exe" /INCREMENTAL /NOLOGO kernel32.lib user32.lib gdi32.lib winspool.lib comdlg32.lib advapi32.lib shell32.lib ole32.lib oleaut32.lib uuid.lib odbc32.lib odbccp32.lib /MANIFEST /MANIFESTUAC:"level='asInvoker' uiAccess='false'" /manifest:embed /DEBUG /PDB:"C:\Users\rui1.wang\Documents\Visual Studio 2012\Projects\WowLink\Debug\WowLink.pdb" /TLBID:1 /DYNAMICBASE /NXCOMPAT /IMPLIB:"C:\Users\rui1.wang\Documents\Visual Studio 2012\Projects\WowLink\Debug\WowLink.lib" /MACHINE:X86 Debug\Resource.res
         Debug\Bitmap.obj
         Debug\GameEngine.obj
         Debug\main.obj
         Debug\Sprite.obj
         Debug\WowLink.obj
         WowLink.vcxproj -> C:\Users\rui1.wang\Documents\Visual Studio 2012\Projects\WowLink\Debug\WowLink.exe
     1>Done Building Project "C:\Users\rui1.wang\Documents\Visual Studio 2012\Projects\WowLink\WowLink\WowLink.vcxproj" (Build target(s)).

Build succeeded.

Time Elapsed 00:00:03.58
